2019-11-14 15:38:13 [scrapy.utils.log] INFO: Scrapy 1.6.0 started (bot: fly)
2019-11-14 15:38:13 [scrapy.utils.log] INFO: Versions: lxml 4.4.1.0, libxml2 2.9.9, cssselect 1.1.0, parsel 1.5.2, w3lib 1.21.0, Twisted 19.7.0, Python 3.7.5 (default, Oct 31 2019, 15:18:51) [MSC v.1916 64 bit (AMD64)], pyOpenSSL 19.0.0 (OpenSSL 1.1.1d  10 Sep 2019), cryptography 2.8, Platform Windows-10-10.0.18362-SP0
2019-11-14 15:38:13 [scrapy.crawler] INFO: Overridden settings: {'BOT_NAME': 'fly', 'LOG_FILE': 'log/scarpy_2019_11_14.log', 'NEWSPIDER_MODULE': 'fly.spiders', 'ROBOTSTXT_OBEY': True, 'SPIDER_MODULES': ['fly.spiders']}
2019-11-14 15:38:13 [scrapy.extensions.telnet] INFO: Telnet Password: ca662455604af2af
2019-11-14 15:38:13 [scrapy.middleware] INFO: Enabled extensions:
['scrapy.extensions.corestats.CoreStats',
 'scrapy.extensions.telnet.TelnetConsole',
 'scrapy.extensions.logstats.LogStats']
2019-11-14 15:38:14 [scrapy.middleware] INFO: Enabled downloader middlewares:
['scrapy.downloadermiddlewares.robotstxt.RobotsTxtMiddleware',
 'scrapy.downloadermiddlewares.httpauth.HttpAuthMiddleware',
 'scrapy.downloadermiddlewares.downloadtimeout.DownloadTimeoutMiddleware',
 'scrapy.downloadermiddlewares.defaultheaders.DefaultHeadersMiddleware',
 'scrapy.downloadermiddlewares.useragent.UserAgentMiddleware',
 'fly.middlewares.FlySpiderMiddleware',
 'scrapy.downloadermiddlewares.retry.RetryMiddleware',
 'scrapy.downloadermiddlewares.redirect.MetaRefreshMiddleware',
 'scrapy.downloadermiddlewares.httpcompression.HttpCompressionMiddleware',
 'scrapy.downloadermiddlewares.redirect.RedirectMiddleware',
 'scrapy.downloadermiddlewares.cookies.CookiesMiddleware',
 'scrapy.downloadermiddlewares.httpproxy.HttpProxyMiddleware',
 'scrapy.downloadermiddlewares.stats.DownloaderStats']
2019-11-14 15:38:14 [scrapy.middleware] INFO: Enabled spider middlewares:
['scrapy.spidermiddlewares.httperror.HttpErrorMiddleware',
 'scrapy.spidermiddlewares.offsite.OffsiteMiddleware',
 'scrapy.spidermiddlewares.referer.RefererMiddleware',
 'scrapy.spidermiddlewares.urllength.UrlLengthMiddleware',
 'scrapy.spidermiddlewares.depth.DepthMiddleware']
2019-11-14 15:38:14 [scrapy.middleware] INFO: Enabled item pipelines:
['fly.pipelines.FlyPipeline']
2019-11-14 15:38:14 [scrapy.core.engine] INFO: Spider opened
2019-11-14 15:38:14 [scrapy.extensions.logstats] INFO: Crawled 0 pages (at 0 pages/min), scraped 0 items (at 0 items/min)
2019-11-14 15:38:14 [EnterUrlsSpider] INFO: Spider opened: EnterUrlsSpider
2019-11-14 15:38:14 [scrapy.extensions.telnet] INFO: Telnet console listening on 127.0.0.1:6023
2019-11-14 15:38:14 [scrapy.core.engine] INFO: Closing spider (finished)
2019-11-14 15:38:14 [scrapy.statscollectors] INFO: Dumping Scrapy stats:
{'finish_reason': 'finished',
 'finish_time': datetime.datetime(2019, 11, 14, 7, 38, 14, 225516),
 'log_count/INFO': 10,
 'start_time': datetime.datetime(2019, 11, 14, 7, 38, 14, 209891)}
2019-11-14 15:38:14 [scrapy.core.engine] INFO: Spider closed (finished)
